<?xml version="1.0" encoding="UTF-8"?>
<testng-results ignored="0" total="1" passed="1" failed="0" skipped="0">
  <reporter-output>
  </reporter-output>
  <suite started-at="2024-04-15T00:39:53 CDT" name="Default suite" finished-at="2024-04-15T00:40:05 CDT" duration-ms="12500">
    <groups>
    </groups>
    <test started-at="2024-04-15T00:39:53 CDT" name="Default test" finished-at="2024-04-15T00:40:05 CDT" duration-ms="12500">
      <class name="test.LonginTest">
        <test-method signature="validUserShouldBeAbleToLogin()[pri:0, instance:test.LonginTest@61386958]" started-at="2024-04-15T00:39:53 CDT" name="validUserShouldBeAbleToLogin" finished-at="2024-04-15T00:40:05 CDT" duration-ms="12474" status="PASS">
          <reporter-output>
          </reporter-output>
        </test-method> <!-- validUserShouldBeAbleToLogin -->
      </class> <!-- test.LonginTest -->
    </test> <!-- Default test -->
  </suite> <!-- Default suite -->
</testng-results>
